<?xml version="1.0" encoding="UTF-8"?>
<!-- Generated by org.testng.reporters.JUnitReportReporter -->
<testsuite hostname="DESKTOP-ALC9DNC" failures="0" tests="1" name="com.hcmus.mentor.backend.runners.TestRunnerDataTable" time="44.281" errors="0" timestamp="2024-07-29T14:26:34 ICT" skipped="0">
  <testcase classname="com.hcmus.mentor.backend.runners.TestRunnerDataTable" name="runScenario" time="44.281"/>
</testsuite> <!-- com.hcmus.mentor.backend.runners.TestRunnerDataTable -->
